<?xml version="1.0" encoding="UTF-8"?>
<!-- Generated by org.testng.reporters.JUnitXMLReporter -->
<testsuite hostname="03-001-0009923" name="Default test" tests="1" failures="0" timestamp="28 Feb 2014 13:25:26 GMT" time="3.935" errors="0">
  <testcase name="@BeforeClass init" time="0.0" classname="com.bs.selenium.functional.EditProfileTest">
    <failure type="java.lang.NoSuchMethodError" message="org.openqa.selenium.support.pagefactory.AjaxElementLocator.&amp;lt;init&amp;gt;(Lorg/openqa/selenium/SearchContext;Ljava/lang/reflect/Field;I)V">
      <![CDATA[java.lang.NoSuchMethodError: org.openqa.selenium.support.pagefactory.AjaxElementLocator.<init>(Lorg/openqa/selenium/SearchContext;Ljava/lang/reflect/Field;I)V
	at com.bs.selenium.pagesall.DisplayedElementLocator.<init>(DisplayedElementLocator.java:11)
	at com.bs.selenium.pagesall.DisplayedElementLocatorFactory.createLocator(DisplayedElementLocatorFactory.java:19)
	at org.openqa.selenium.support.pagefactory.DefaultFieldDecorator.decorate(DefaultFieldDecorator.java:54)
	at org.openqa.selenium.support.PageFactory.proxyFields(PageFactory.java:115)
	at org.openqa.selenium.support.PageFactory.initElements(PageFactory.java:107)
	at org.openqa.selenium.support.PageFactory.initElements(PageFactory.java:94)
	at com.bs.selenium.pagesall.PageManager.initElements(PageManager.java:32)
	at com.bs.selenium.pagesall.PageManager.<init>(PageManager.java:20)
	at com.bs.selenium.applogic2.DriverBasedHelper.<init>(DriverBasedHelper.java:17)
	at com.bs.selenium.applogic2.UserHelper2.<init>(UserHelper2.java:25)
	at com.bs.selenium.applogic2.ApplicationManager2.<init>(ApplicationManager2.java:38)
	at com.bs.selenium.pages.TestBase.init(TestBase.java:18)
	at sun.reflect.NativeMethodAccessorImpl.invoke0(Native Method)
	at sun.reflect.NativeMethodAccessorImpl.invoke(Unknown Source)
	at sun.reflect.DelegatingMethodAccessorImpl.invoke(Unknown Source)
	at java.lang.reflect.Method.invoke(Unknown Source)
	at org.testng.internal.MethodInvocationHelper.invokeMethod(MethodInvocationHelper.java:84)
	at org.testng.internal.Invoker.invokeConfigurationMethod(Invoker.java:564)
	at org.testng.internal.Invoker.invokeConfigurations(Invoker.java:213)
	at org.testng.internal.Invoker.invokeConfigurations(Invoker.java:138)
	at org.testng.internal.TestMethodWorker.invokeBeforeClassMethods(TestMethodWorker.java:175)
	at org.testng.internal.TestMethodWorker.run(TestMethodWorker.java:107)
	at org.testng.TestRunner.privateRun(TestRunner.java:767)
	at org.testng.TestRunner.run(TestRunner.java:617)
	at org.testng.SuiteRunner.runTest(SuiteRunner.java:334)
	at org.testng.SuiteRunner.runSequentially(SuiteRunner.java:329)
	at org.testng.SuiteRunner.privateRun(SuiteRunner.java:291)
	at org.testng.SuiteRunner.run(SuiteRunner.java:240)
	at org.testng.SuiteRunnerWorker.runSuite(SuiteRunnerWorker.java:52)
	at org.testng.SuiteRunnerWorker.run(SuiteRunnerWorker.java:86)
	at org.testng.TestNG.runSuitesSequentially(TestNG.java:1224)
	at org.testng.TestNG.runSuitesLocally(TestNG.java:1149)
	at org.testng.TestNG.run(TestNG.java:1057)
	at org.testng.remote.RemoteTestNG.run(RemoteTestNG.java:111)
	at org.testng.remote.RemoteTestNG.initAndRun(RemoteTestNG.java:204)
	at org.testng.remote.RemoteTestNG.main(RemoteTestNG.java:175)
]]>
    </failure>
  </testcase> <!-- @BeforeClass init -->
  <testcase name="@BeforeMethod mayBeLogout" time="0.0" classname="com.bs.selenium.functional.EditProfileTest">
    <skipped/>
  </testcase> <!-- @BeforeMethod mayBeLogout -->
  <testcase name="testLoadAvatarJpegPositiv" time="0.002" classname="com.bs.selenium.functional.EditProfileTest">
    <skipped/>
  </testcase> <!-- testLoadAvatarJpegPositiv -->
</testsuite> <!-- Default test -->
