<?xml version="1.0" encoding="UTF-8"?>
<testng-results skipped="0" failed="0" total="1" passed="1">
  <reporter-output>
  </reporter-output>
  <suite name="Default suite" duration-ms="11097" started-at="2014-03-08T12:28:21Z" finished-at="2014-03-08T12:28:32Z">
    <groups>
    </groups>
    <test name="Default test" duration-ms="11097" started-at="2014-03-08T12:28:21Z" finished-at="2014-03-08T12:28:32Z">
      <class name="com.bs.selenium.functional.AddNewFolderTest">
        <test-method status="PASS" signature="init()[pri:0, instance:com.bs.selenium.functional.AddNewFolderTest@26e6d0a5]" name="init" is-config="true" duration-ms="5831" started-at="2014-03-08T14:28:21Z" finished-at="2014-03-08T14:28:27Z">
          <reporter-output>
          </reporter-output>
        </test-method> <!-- init -->
        <test-method status="PASS" signature="mayBeLogout()[pri:0, instance:com.bs.selenium.functional.AddNewFolderTest@26e6d0a5]" name="mayBeLogout" is-config="true" duration-ms="106" started-at="2014-03-08T14:28:27Z" finished-at="2014-03-08T14:28:27Z">
          <reporter-output>
          </reporter-output>
        </test-method> <!-- mayBeLogout -->
        <test-method status="PASS" signature="testAddNewFolderforProjectNegative()[pri:0, instance:com.bs.selenium.functional.AddNewFolderTest@26e6d0a5]" name="testAddNewFolderforProjectNegative" duration-ms="5145" started-at="2014-03-08T14:28:27Z" finished-at="2014-03-08T14:28:32Z">
          <reporter-output>
          </reporter-output>
        </test-method> <!-- testAddNewFolderforProjectNegative -->
        <test-method status="PASS" signature="stop()[pri:0, instance:com.bs.selenium.functional.AddNewFolderTest@26e6d0a5]" name="stop" is-config="true" duration-ms="194" started-at="2014-03-08T14:28:32Z" finished-at="2014-03-08T14:28:33Z">
          <reporter-output>
          </reporter-output>
        </test-method> <!-- stop -->
      </class> <!-- com.bs.selenium.functional.AddNewFolderTest -->
    </test> <!-- Default test -->
  </suite> <!-- Default suite -->
</testng-results>
