<?xml version="1.0" encoding="UTF-8"?>
<testng-results skipped="0" failed="0" total="1" passed="1">
  <reporter-output>
  </reporter-output>
  <suite name="Default suite" duration-ms="12796" started-at="2014-03-03T18:09:46Z" finished-at="2014-03-03T18:09:59Z">
    <groups>
    </groups>
    <test name="Default test" duration-ms="12796" started-at="2014-03-03T18:09:46Z" finished-at="2014-03-03T18:09:59Z">
      <class name="com.bs.selenium.functional.PullDownMenuTest">
        <test-method status="PASS" signature="init()[pri:0, instance:com.bs.selenium.functional.PullDownMenuTest@2a205c98]" name="init" is-config="true" duration-ms="10776" started-at="2014-03-03T20:09:46Z" finished-at="2014-03-03T20:09:57Z">
          <reporter-output>
          </reporter-output>
        </test-method> <!-- init -->
        <test-method status="PASS" signature="mayBeLogout()[pri:0, instance:com.bs.selenium.functional.PullDownMenuTest@2a205c98]" name="mayBeLogout" is-config="true" duration-ms="66" started-at="2014-03-03T20:09:57Z" finished-at="2014-03-03T20:09:57Z">
          <reporter-output>
          </reporter-output>
        </test-method> <!-- mayBeLogout -->
        <test-method status="PASS" signature="testPullDownFileCateogory()[pri:0, instance:com.bs.selenium.functional.PullDownMenuTest@2a205c98]" name="testPullDownFileCateogory" duration-ms="1942" started-at="2014-03-03T20:09:57Z" finished-at="2014-03-03T20:09:59Z">
          <reporter-output>
          </reporter-output>
        </test-method> <!-- testPullDownFileCateogory -->
        <test-method status="PASS" signature="stop()[pri:0, instance:com.bs.selenium.functional.PullDownMenuTest@2a205c98]" name="stop" is-config="true" duration-ms="139" started-at="2014-03-03T20:09:59Z" finished-at="2014-03-03T20:09:59Z">
          <reporter-output>
          </reporter-output>
        </test-method> <!-- stop -->
      </class> <!-- com.bs.selenium.functional.PullDownMenuTest -->
    </test> <!-- Default test -->
  </suite> <!-- Default suite -->
</testng-results>
